14:07:34.191 [main] INFO  - Goto my account-->Click on Login.. 
14:07:34.883 [main] INFO  - Entering email and password.. 
14:07:35.559 [main] INFO  - clicked on login button...
15:21:51.876 [main] INFO  - Goto my account-->Click on Login.. 
15:21:53.135 [main] INFO  - Entering email and password.. 
15:21:54.620 [main] INFO  - clicked on login button...
15:32:55.009 [main] INFO  - Goto my account-->Click on Login.. 
15:32:55.760 [main] INFO  - Entering email and password.. 
15:32:56.517 [main] INFO  - clicked on login button...
15:44:58.490 [main] INFO  - Goto my account-->Click on Login.. 
15:44:59.375 [main] INFO  - Entering email and password.. 
15:45:00.720 [main] INFO  - clicked on login button...
11:24:02.941 [pool-3-thread-1] INFO  - Goto my account-->Click on Login.. 
11:24:03.761 [pool-3-thread-1] INFO  - Entering email and password.. 
11:24:06.101 [pool-3-thread-1] INFO  - clicked on login button...
11:25:07.956 [main] INFO  - Goto my account-->Click on Login.. 
11:25:08.604 [main] INFO  - Entering email and password.. 
11:25:09.732 [main] INFO  - clicked on login button...
11:27:34.728 [main] INFO  - Goto my account-->Click on Login.. 
11:27:35.361 [main] INFO  - Entering email and password.. 
11:27:36.283 [main] INFO  - clicked on login button...
11:28:39.062 [pool-3-thread-1] INFO  - Goto my account-->Click on Login.. 
11:28:39.709 [pool-3-thread-1] INFO  - Entering email and password.. 
11:28:41.527 [pool-3-thread-1] INFO  - clicked on login button...
11:30:58.762 [main] INFO  - Goto my account-->Click on Login.. 
11:30:59.506 [main] INFO  - Entering email and password.. 
11:31:00.817 [main] INFO  - clicked on login button...
11:32:42.541 [main] INFO  - Goto my account-->Click on Login.. 
11:32:46.118 [main] INFO  - Entering email and password.. 
11:32:47.244 [main] INFO  - clicked on login button...
11:34:08.134 [main] INFO  - Goto my account-->Click on Login.. 
11:34:08.801 [main] INFO  - Entering email and password.. 
11:34:10.471 [main] INFO  - clicked on login button...
11:45:34.561 [main] INFO  - Goto my account-->Click on Login.. 
11:45:35.241 [main] INFO  - Entering email and password.. 
11:45:36.544 [main] INFO  - clicked on login button...
11:48:32.063 [main] INFO  - Goto my account-->Click on Login.. 
11:48:32.749 [main] INFO  - Entering email and password.. 
11:48:34.206 [main] INFO  - clicked on login button...
12:19:09.362 [main] INFO  - Goto my account-->Click on Login.. 
12:19:10.371 [main] INFO  - Entering email and password.. 
12:19:11.738 [main] INFO  - clicked on login button...
12:24:14.670 [main] INFO  - Goto my account-->Click on Login.. 
12:24:15.551 [main] INFO  - Entering email and password.. 
12:24:16.857 [main] INFO  - clicked on login button...
12:25:59.705 [main] INFO  - Goto my account-->Click on Login.. 
12:26:00.443 [main] INFO  - Entering email and password.. 
12:26:01.724 [main] INFO  - clicked on login button...
12:40:21.946 [main] INFO  - Goto my account-->Click on Login.. 
12:40:22.616 [main] INFO  - Entering email and password.. 
12:40:24.212 [main] INFO  - clicked on login button...
12:48:13.135 [main] INFO  - Goto my account-->Click on Login.. 
12:48:14.187 [main] INFO  - Entering email and password.. 
12:48:15.338 [main] INFO  - clicked on login button...
07:20:02.541 [main] INFO  - Goto my account-->Click on Login.. 
07:20:03.687 [main] INFO  - Entering email and password.. 
07:20:04.885 [main] INFO  - clicked on login button...
07:26:07.255 [main] INFO  - Goto my account-->Click on Login.. 
07:26:08.073 [main] INFO  - Entering email and password.. 
07:26:08.937 [main] INFO  - clicked on login button...
07:27:45.855 [main] INFO  - Goto my account-->Click on Login.. 
07:27:46.685 [main] INFO  - Entering email and password.. 
07:27:47.506 [main] INFO  - clicked on login button...
07:42:18.774 [main] INFO  - Goto my account-->Click on Login.. 
07:42:19.621 [main] INFO  - Entering email and password.. 
07:42:20.495 [main] INFO  - clicked on login button...
07:44:30.850 [main] INFO  - Goto my account-->Click on Login.. 
07:44:31.695 [main] INFO  - Entering email and password.. 
07:44:32.578 [main] INFO  - clicked on login button...
07:46:04.249 [main] INFO  - Goto my account-->Click on Login.. 
07:46:05.043 [main] INFO  - Entering email and password.. 
07:46:05.916 [main] INFO  - clicked on login button...
07:52:55.919 [main] INFO  - Goto my account-->Click on Login.. 
07:52:56.718 [main] INFO  - Entering email and password.. 
07:52:57.593 [main] INFO  - clicked on login button...
06:44:45.442 [main] INFO  - Goto my account-->Click on Login.. 
06:45:15.719 [main] INFO  - Goto my account-->Click on Login.. 
06:45:16.722 [main] INFO  - Entering email and password.. 
06:45:17.692 [main] INFO  - clicked on login button...
06:45:31.907 [main] INFO  - Goto my account-->Click on Login.. 
06:45:32.638 [main] INFO  - Entering email and password.. 
06:45:33.660 [main] INFO  - clicked on login button...
07:20:31.900 [main] INFO  - Goto my account-->Click on Login.. 
07:20:32.944 [main] DEBUG - Parsing relationship: /xl/_rels/workbook.xml.rels
07:20:32.950 [main] DEBUG - Parsing relationship: /xl/worksheets/_rels/sheet1.xml.rels
07:20:32.954 [main] DEBUG - Parsing relationship: /_rels/.rels
07:20:33.274 [main] TRACE - Loading type system org.apache.poi.schemas.ooxml.system.ooxml
07:20:33.282 [main] TRACE - Loading type system org.apache.xmlbeans.metadata.system.sXMLCONFIG
07:20:33.285 [main] TRACE - Loading type system org.apache.xmlbeans.metadata.system.sXMLLANG
07:20:33.286 [main] TRACE - Loading type system org.apache.xmlbeans.metadata.system.sXMLSCHEMA
07:20:33.287 [main] TRACE - Loading type system org.apache.xmlbeans.metadata.system.sXMLTOOLS
07:20:33.289 [main] TRACE - Reading unresolved handles for type system org.apache.xmlbeans.metadata.system.sXMLTOOLS
07:20:33.321 [main] TRACE - Finished loading type system org.apache.xmlbeans.metadata.system.sXMLTOOLS
07:20:33.322 [main] TRACE - Reading unresolved handles for type system org.apache.xmlbeans.metadata.system.sXMLSCHEMA
07:20:33.342 [main] TRACE - Finished loading type system org.apache.xmlbeans.metadata.system.sXMLSCHEMA
07:20:33.345 [main] TRACE - Reading unresolved handles for type system org.apache.xmlbeans.metadata.system.sXMLLANG
07:20:33.348 [main] TRACE - Finished loading type system org.apache.xmlbeans.metadata.system.sXMLLANG
07:20:33.349 [main] TRACE - Reading unresolved handles for type system org.apache.xmlbeans.metadata.system.sXMLCONFIG
07:20:33.351 [main] TRACE - Finished loading type system org.apache.xmlbeans.metadata.system.sXMLCONFIG
07:20:33.352 [main] TRACE - Reading unresolved handles for type system org.apache.poi.schemas.ooxml.system.ooxml
07:20:33.497 [main] TRACE - Finished loading type system org.apache.poi.schemas.ooxml.system.ooxml
07:20:33.503 [main] TRACE - Resolving type for handle themefd26doctype
07:20:33.623 [main] TRACE - Resolving type for handle stylesheet5d8bdoctype
07:20:33.642 [main] TRACE - Resolving type for handle ctstylesheet4257type
07:20:33.653 [main] TRACE - Resolving type for handle ctfonts6623type
07:20:33.659 [main] TRACE - Resolving type for handle ctfont14d8type
07:20:33.666 [main] TRACE - Resolving type for handle ctfills2c6ftype
07:20:33.670 [main] TRACE - Resolving type for handle ctfill550ctype
07:20:33.674 [main] TRACE - Resolving type for handle ctborders0d66type
07:20:33.678 [main] TRACE - Resolving type for handle ctborderf935type
07:20:33.683 [main] TRACE - Resolving type for handle ctcellxfs1322type
07:20:33.689 [main] TRACE - Resolving type for handle ctxf97f7type
07:20:33.695 [main] TRACE - Resolving type for handle ctcellstylexfsa81ftype
07:20:33.698 [main] TRACE - Resolving type for handle ctdxfsb26atype
07:20:33.702 [main] TRACE - Resolving type for handle cttablestyles872ftype
07:20:33.708 [main] TRACE - Resolving type for handle sstf81fdoctype
07:20:33.721 [main] TRACE - Resolving type for handle ctsst44f3type
07:20:33.732 [main] TRACE - Resolving type for handle ctrsta472type
07:20:33.763 [main] DEBUG - using default POIXMLDocumentPart for http://schemas.openxmlformats.org/officeDocument/2006/relationships/printerSettings
07:20:33.766 [main] TRACE - Resolving type for handle workbookec17doctype
07:20:33.781 [main] TRACE - Resolving type for handle ctworkbook83c3type
07:20:33.790 [main] TRACE - Resolving type for handle ctsheets49fdtype
07:20:33.793 [main] TRACE - Resolving type for handle ctsheet4dbetype
07:20:33.795 [main] TRACE - Resolving type for handle strelationshipid1e94type
07:20:33.799 [main] TRACE - Resolving type for handle worksheetf539doctype
07:20:33.817 [main] TRACE - Resolving type for handle ctworksheet530dtype
07:20:33.827 [main] TRACE - Resolving type for handle ctsheetdata8408type
07:20:33.830 [main] TRACE - Resolving type for handle ctrowdd39type
07:20:33.837 [main] TRACE - Resolving type for handle ctcell842btype
07:20:33.847 [main] TRACE - Resolving type for handle stcellrefe4e0type
07:20:33.859 [main] TRACE - Resolving type for handle ctcols627ctype
07:20:33.869 [main] TRACE - Resolving type for handle ctcola95ftype
07:20:33.909 [main] TRACE - Resolving type for handle cthyperlinks6416type
07:20:33.914 [main] TRACE - Resolving type for handle cthyperlink0c85type
07:20:33.922 [main] TRACE - Resolving type for handle stxstringf179type
07:20:33.924 [main] TRACE - Resolving type for handle stcelltypebf95type
07:20:38.044 [main] INFO  - Goto my account-->Click on Login.. 
07:20:39.058 [main] DEBUG - Parsing relationship: /xl/_rels/workbook.xml.rels
07:20:39.060 [main] DEBUG - Parsing relationship: /xl/worksheets/_rels/sheet1.xml.rels
07:20:39.060 [main] DEBUG - Parsing relationship: /_rels/.rels
07:20:39.149 [main] DEBUG - using default POIXMLDocumentPart for http://schemas.openxmlformats.org/officeDocument/2006/relationships/printerSettings
07:20:52.296 [main] INFO  - Goto my account-->Click on Login.. 
07:20:53.055 [main] DEBUG - Parsing relationship: /xl/_rels/workbook.xml.rels
07:20:53.057 [main] DEBUG - Parsing relationship: /xl/worksheets/_rels/sheet1.xml.rels
07:20:53.057 [main] DEBUG - Parsing relationship: /_rels/.rels
07:20:53.107 [main] DEBUG - using default POIXMLDocumentPart for http://schemas.openxmlformats.org/officeDocument/2006/relationships/printerSettings
07:48:42.337 [main] INFO  - Goto my account-->Click on Login.. 
07:48:43.101 [main] INFO  - Entering email and password.. 
07:48:43.933 [main] INFO  - clicked on login button...
07:50:54.561 [main] INFO  - Goto my account-->Click on Login.. 
07:50:55.268 [main] INFO  - Entering email and password.. 
07:50:56.093 [main] INFO  - clicked on login button...
07:58:02.577 [main] INFO  - Goto my account-->Click on Login.. 
07:58:03.850 [main] INFO  - Entering email and password.. 
07:58:04.895 [main] INFO  - clicked on login button...
08:00:39.849 [main] INFO  - Goto my account-->Click on Login.. 
08:00:40.621 [main] INFO  - Entering email and password.. 
08:00:41.658 [main] INFO  - clicked on login button...
08:02:21.163 [main] INFO  - Goto my account-->Click on Login.. 
08:02:21.979 [main] INFO  - Entering email and password.. 
08:02:23.121 [main] INFO  - clicked on login button...
01:21:44.762 [main] INFO  - Goto my account-->Click on Login.. 
01:32:38.941 [main] INFO  - Goto my account-->Click on Login.. 
01:33:36.238 [main] INFO  - Goto my account-->Click on Login.. 
01:34:34.030 [main] INFO  - Goto my account-->Click on Login.. 
01:34:34.439 [main] INFO  - Entering email and password.. 
01:36:10.185 [main] INFO  - Goto my account-->Click on Login.. 
01:36:10.295 [main] INFO  - Entering email and password.. 
01:36:10.472 [main] INFO  - clicked on login button...
